<?xml version="1.0" encoding="UTF-8"?>
<!-- Generated by org.testng.reporters.JUnitXMLReporter -->
<testsuite hostname="DESKTOP-6MAQRQ5" ignored="0" name="Regression suite" tests="8" failures="0" timestamp="12 Nov 2017 04:57:35 GMT" time="474.192" errors="0">
  <testcase name="checkContactsGridRow" time="3.241" classname="com.fba.qa.tests.ContactPageTest"/>
  <testcase name="goToNewContactPage" time="5.653" classname="com.fba.qa.tests.ContactPageTest"/>
  <testcase name="validateCreateNewContact" time="14.15" classname="com.fba.qa.tests.ContactPageTest"/>
  <testcase name="validateCreateNewContact" time="12.838" classname="com.fba.qa.tests.ContactPageTest"/>
  <testcase name="validateCreateNewContact" time="17.809" classname="com.fba.qa.tests.ContactPageTest"/>
  <testcase name="searchDealTest" time="6.11" classname="com.fba.qa.tests.DealsPageTest"/>
  <testcase name="verifyContactsLinkTest" time="5.622" classname="com.fba.qa.tests.HomePageTest"/>
  <testcase name="login" time="29.114" classname="com.fba.qa.tests.LoginPageTests"/>
</testsuite> <!-- Regression suite -->
